<?xml version="1.0" encoding="UTF-8"?>
<testsuite name="org.ooad.chess.logic.MovementTests" tests="20" skipped="0" failures="1" errors="0" timestamp="2020-12-04T17:48:35" hostname="Jakes-MacBook-Pro.local" time="0.442">
  <properties/>
  <testcase name="testMoveProtectingPiece" classname="org.ooad.chess.logic.MovementTests" time="0.022">
    <failure message="java.lang.AssertionError" type="java.lang.AssertionError">java.lang.AssertionError
	at org.junit.Assert.fail(Assert.java:86)
	at org.junit.Assert.assertTrue(Assert.java:41)
	at org.junit.Assert.assertFalse(Assert.java:64)
	at org.junit.Assert.assertFalse(Assert.java:74)
	at org.ooad.chess.logic.MovementTests.testMoveProtectingPiece(MovementTests.java:279)
	at java.base/jdk.internal.reflect.NativeMethodAccessorImpl.invoke0(Native Method)
	at java.base/jdk.internal.reflect.NativeMethodAccessorImpl.invoke(NativeMethodAccessorImpl.java:62)
	at java.base/jdk.internal.reflect.DelegatingMethodAccessorImpl.invoke(DelegatingMethodAccessorImpl.java:43)
	at java.base/java.lang.reflect.Method.invoke(Method.java:564)
	at org.junit.runners.model.FrameworkMethod$1.runReflectiveCall(FrameworkMethod.java:50)
	at org.junit.internal.runners.model.ReflectiveCallable.run(ReflectiveCallable.java:12)
	at org.junit.runners.model.FrameworkMethod.invokeExplosively(FrameworkMethod.java:47)
	at org.junit.internal.runners.statements.InvokeMethod.evaluate(InvokeMethod.java:17)
	at org.junit.internal.runners.statements.RunBefores.evaluate(RunBefores.java:26)
	at org.junit.internal.runners.statements.RunAfters.evaluate(RunAfters.java:27)
	at org.junit.runners.ParentRunner.runLeaf(ParentRunner.java:325)
	at org.junit.runners.BlockJUnit4ClassRunner.runChild(BlockJUnit4ClassRunner.java:78)
	at org.junit.runners.BlockJUnit4ClassRunner.runChild(BlockJUnit4ClassRunner.java:57)
	at org.junit.runners.ParentRunner$3.run(ParentRunner.java:290)
	at org.junit.runners.ParentRunner$1.schedule(ParentRunner.java:71)
	at org.junit.runners.ParentRunner.runChildren(ParentRunner.java:288)
	at org.junit.runners.ParentRunner.access$000(ParentRunner.java:58)
	at org.junit.runners.ParentRunner$2.evaluate(ParentRunner.java:268)
	at org.junit.runners.ParentRunner.run(ParentRunner.java:363)
	at org.gradle.api.internal.tasks.testing.junit.JUnitTestClassExecutor.runTestClass(JUnitTestClassExecutor.java:110)
	at org.gradle.api.internal.tasks.testing.junit.JUnitTestClassExecutor.execute(JUnitTestClassExecutor.java:58)
	at org.gradle.api.internal.tasks.testing.junit.JUnitTestClassExecutor.execute(JUnitTestClassExecutor.java:38)
	at org.gradle.api.internal.tasks.testing.junit.AbstractJUnitTestClassProcessor.processTestClass(AbstractJUnitTestClassProcessor.java:62)
	at org.gradle.api.internal.tasks.testing.SuiteTestClassProcessor.processTestClass(SuiteTestClassProcessor.java:51)
	at java.base/jdk.internal.reflect.NativeMethodAccessorImpl.invoke0(Native Method)
	at java.base/jdk.internal.reflect.NativeMethodAccessorImpl.invoke(NativeMethodAccessorImpl.java:62)
	at java.base/jdk.internal.reflect.DelegatingMethodAccessorImpl.invoke(DelegatingMethodAccessorImpl.java:43)
	at java.base/java.lang.reflect.Method.invoke(Method.java:564)
	at org.gradle.internal.dispatch.ReflectionDispatch.dispatch(ReflectionDispatch.java:36)
	at org.gradle.internal.dispatch.ReflectionDispatch.dispatch(ReflectionDispatch.java:24)
	at org.gradle.internal.dispatch.ContextClassLoaderDispatch.dispatch(ContextClassLoaderDispatch.java:33)
	at org.gradle.internal.dispatch.ProxyDispatchAdapter$DispatchingInvocationHandler.invoke(ProxyDispatchAdapter.java:94)
	at com.sun.proxy.$Proxy2.processTestClass(Unknown Source)
	at org.gradle.api.internal.tasks.testing.worker.TestWorker.processTestClass(TestWorker.java:119)
	at java.base/jdk.internal.reflect.NativeMethodAccessorImpl.invoke0(Native Method)
	at java.base/jdk.internal.reflect.NativeMethodAccessorImpl.invoke(NativeMethodAccessorImpl.java:62)
	at java.base/jdk.internal.reflect.DelegatingMethodAccessorImpl.invoke(DelegatingMethodAccessorImpl.java:43)
	at java.base/java.lang.reflect.Method.invoke(Method.java:564)
	at org.gradle.internal.dispatch.ReflectionDispatch.dispatch(ReflectionDispatch.java:36)
	at org.gradle.internal.dispatch.ReflectionDispatch.dispatch(ReflectionDispatch.java:24)
	at org.gradle.internal.remote.internal.hub.MessageHubBackedObjectConnection$DispatchWrapper.dispatch(MessageHubBackedObjectConnection.java:182)
	at org.gradle.internal.remote.internal.hub.MessageHubBackedObjectConnection$DispatchWrapper.dispatch(MessageHubBackedObjectConnection.java:164)
	at org.gradle.internal.remote.internal.hub.MessageHub$Handler.run(MessageHub.java:414)
	at org.gradle.internal.concurrent.ExecutorPolicy$CatchAndRecordFailures.onExecute(ExecutorPolicy.java:64)
	at org.gradle.internal.concurrent.ManagedExecutorImpl$1.run(ManagedExecutorImpl.java:48)
	at java.base/java.util.concurrent.ThreadPoolExecutor.runWorker(ThreadPoolExecutor.java:1130)
	at java.base/java.util.concurrent.ThreadPoolExecutor$Worker.run(ThreadPoolExecutor.java:630)
	at org.gradle.internal.concurrent.ThreadFactoryImpl$ManagedThreadRunnable.run(ThreadFactoryImpl.java:56)
	at java.base/java.lang.Thread.run(Thread.java:832)
</failure>
  </testcase>
  <testcase name="testPawnMove_idk2" classname="org.ooad.chess.logic.MovementTests" time="0.011"/>
  <testcase name="testPawnCaptureFirstMove" classname="org.ooad.chess.logic.MovementTests" time="0.007"/>
  <testcase name="exposeKingCheck" classname="org.ooad.chess.logic.MovementTests" time="0.021"/>
  <testcase name="testPawnMovesinGeneral" classname="org.ooad.chess.logic.MovementTests" time="0.024"/>
  <testcase name="reversePawnBlock" classname="org.ooad.chess.logic.MovementTests" time="0.013"/>
  <testcase name="testRookObstructed" classname="org.ooad.chess.logic.MovementTests" time="0.05"/>
  <testcase name="testPawnFirstMoveBlock" classname="org.ooad.chess.logic.MovementTests" time="0.005"/>
  <testcase name="testMoveIntoCheck" classname="org.ooad.chess.logic.MovementTests" time="0.009"/>
  <testcase name="idk" classname="org.ooad.chess.logic.MovementTests" time="0.011"/>
  <testcase name="testCapture" classname="org.ooad.chess.logic.MovementTests" time="0.029"/>
  <testcase name="testStartingPawnMoves" classname="org.ooad.chess.logic.MovementTests" time="0.03"/>
  <testcase name="testMoveKingIntoCheckmate" classname="org.ooad.chess.logic.MovementTests" time="0.007"/>
  <testcase name="testCollide" classname="org.ooad.chess.logic.MovementTests" time="0.005"/>
  <testcase name="testPawnMove_idk" classname="org.ooad.chess.logic.MovementTests" time="0.147"/>
  <testcase name="testCheckCapture" classname="org.ooad.chess.logic.MovementTests" time="0.016"/>
  <testcase name="testCheckMovements" classname="org.ooad.chess.logic.MovementTests" time="0.004"/>
  <testcase name="pawnBackwardsCapture" classname="org.ooad.chess.logic.MovementTests" time="0.004"/>
  <testcase name="kingMoveIntoCheck" classname="org.ooad.chess.logic.MovementTests" time="0.006"/>
  <testcase name="kingAttackIntoCheck" classname="org.ooad.chess.logic.MovementTests" time="0.007"/>
  <system-out><![CDATA[8|♜ ♞ ♝ -　♚ ♝ ♞ ♜ 
7|-　♟ -　♟ ♟ ♟ ♟ ♟ 
6|♙ -　-　-　-　-　-　-　
5|-　-　♟ -　-　-　-　-　
4|-　-　♙ -　-　-　-　-　
3|♗ -　-　-　-　-　-　-　
2|-　♟ -　♙ ♙ ♙ ♙ ♙ 
1|♛ -　-　♕ ♔ ♗ ♘ ♖ 
  A　B　C　D　E　F　G　H　
8|-　-　-　-　-　-　-　-　
7|-　-　-　-　-　-　-　-　
6|-　-　-　-　-　-　-　-　
5|-　-　-　-　-　-　-　-　
4|-　♟ -　-　-　-　-　-　
3|-　♕ -　-　-　-　-　-　
2|-　-　-　-　-　-　-　-　
1|-　-　-　-　-　-　-　-　
  A　B　C　D　E　F　G　H　
8|-　-　-　-　-　-　-　-　
7|-　-　-　-　-　-　-　-　
6|-　-　-　-　-　-　-　-　
5|-　-　-　-　-　-　-　-　
4|-　-　-　-　-　-　-　-　
3|-　-　-　♟ -　-　-　-　
2|-　-　♙ -　-　-　-　-　
1|-　-　-　-　-　-　-　-　
  A　B　C　D　E　F　G　H　
8|-　-　-　-　-　-　-　-　
7|-　-　-　-　-　-　-　-　
6|-　-　-　-　-　-　-　-　
5|-　-　-　-　-　-　-　-　
4|-　-　-　-　-　-　-　-　
3|-　-　-　-　-　-　-　-　
2|-　♔ -　-　-　-　-　-　
1|♔ ♖ ♛ -　-　-　-　-　
  A　B　C　D　E　F　G　H　
8|♜ ♞ ♝ ♛ ♚ ♝ ♞ ♜ 
7|♟ ♟ ♟ ♟ ♟ ♟ ♟ ♟ 
6|-　-　-　-　-　-　-　-　
5|-　-　-　-　-　-　-　-　
4|♙ ♙ -　-　-　-　-　-　
3|-　-　-　-　-　-　-　-　
2|-　-　♙ ♙ ♙ ♙ ♙ ♙ 
1|♖ ♘ ♗ ♕ ♔ ♗ ♘ ♖ 
  A　B　C　D　E　F　G　H　
8|-　-　-　-　-　-　-　-　
7|-　-　-　-　-　-　-　-　
6|-　-　-　-　-　-　-　-　
5|-　-　-　-　-　-　-　-　
4|-　-　♔ -　-　-　-　-　
3|♟ -　-　-　-　-　-　-　
2|-　-　-　-　-　-　-　-　
1|-　-　-　-　-　-　-　-　
  A　B　C　D　E　F　G　H　
8|-　-　-　-　-　-　-　-　
7|-　-　-　-　-　-　-　-　
6|-　-　-　-　-　-　-　-　
5|-　-　-　-　-　-　-　-　
4|-　-　-　-　-　-　-　-　
3|-　-　-　-　-　-　-　-　
2|♟ -　-　-　-　-　-　-　
1|♖ ♟ -　-　-　-　-　-　
  A　B　C　D　E　F　G　H　
8|-　-　-　-　-　-　-　-　
7|-　-　-　-　-　-　-　-　
6|-　-　-　-　-　-　-　-　
5|-　-　-　-　-　-　-　-　
4|♟ -　-　-　-　-　-　-　
3|-　-　-　-　-　-　-　-　
2|♙ -　-　-　-　-　-　-　
1|-　-　-　-　-　-　-　-　
  A　B　C　D　E　F　G　H　
8|-　-　-　-　-　-　-　-　
7|-　♜ -　-　-　-　-　-　
6|-　-　-　-　-　-　-　-　
5|-　-　-　-　-　-　-　-　
4|-　-　-　-　-　-　-　-　
3|-　-　-　-　-　-　-　-　
2|-　-　-　-　-　-　-　-　
1|♔ -　-　-　-　-　-　-　
  A　B　C　D　E　F　G　H　
8|♜ ♞ ♝ -　-　-　-　-　
7|♟ ♟ -　♟ -　-　-　♜ 
6|-　♛ ♙ ♚ ♟ ♟ ♟ -　
5|♙ -　-　♞ -　-　♝ -　
4|-　-　♙ -　♗ ♗ -　-　
3|-　-　-　♕ -　-　-　♟ 
2|-　♙ ♔ ♖ ♙ ♙ -　♙ 
1|-　-　-　-　-　-　♘ ♖ 
  A　B　C　D　E　F　G　H　
8|-　-　-　-　-　-　-　-　
7|♖ -　-　-　-　-　-　-　
6|-　-　-　-　-　-　-　-　
5|-　-　-　-　-　-　-　-　
4|-　-　-　-　-　-　-　-　
3|-　-　-　-　-　-　-　-　
2|-　-　-　-　-　-　-　-　
1|-　-　-　-　-　-　-　-　
  A　B　C　D　E　F　G　H　
8|-　-　-　-　-　-　-　-　
7|-　-　-　-　-　-　-　♟ 
6|-　-　-　-　-　-　-　-　
5|-　-　-　-　-　-　-　-　
4|-　-　-　-　-　-　-　-　
3|-　-　-　-　-　-　-　-　
2|-　-　-　-　-　-　-　-　
1|-　-　-　-　-　-　-　-　
  A　B　C　D　E　F　G　H　
8|♜ ♞ ♝ ♖ ♚ -　♞ ♜ 
7|♟ ♟ ♟ ♟ ♟ ♟ ♟ ♟ 
6|-　-　-　-　-　-　-　-　
5|-　-　-　-　-　-　-　-　
4|-　-　-　-　-　-　-　-　
3|-　-　-　-　-　-　-　-　
2|♙ ♙ ♙ ♙ ♙ ♙ ♙ ♙ 
1|♖ ♘ ♗ ♕ ♔ ♗ ♘ ♖ 
  A　B　C　D　E　F　G　H　
8|-　-　-　-　-　-　-　-　
7|♙ -　-　-　-　-　-　-　
6|-　-　-　-　-　-　-　-　
5|-　-　-　-　-　-　-　-　
4|-　-　-　-　-　-　-　-　
3|-　-　-　-　-　-　-　-　
2|-　-　-　-　-　-　-　-　
1|♖ -　-　-　-　-　-　-　
  A　B　C　D　E　F　G　H　
Before FEN: rnbqkbnr/pppppppp/8/8/8/8/PPPPPPPP/RNBQKBNR
Make move: WHITE BoardMove{from=E2, to=E4}
After FEN: rnbqkbnr/pppppppp/8/8/4P3/8/PPPP1PPP/RNBQKBNR
Before FEN: rnbqkbnr/pppppppp/8/8/4P3/8/PPPP1PPP/RNBQKBNR
Make move: BLACK BoardMove{from=A7, to=A5}
After FEN: rnbqkbnr/1ppppppp/8/p7/4P3/8/PPPP1PPP/RNBQKBNR
8|♜ ♞ ♝ ♛ ♚ ♝ ♞ ♜ 
7|-　♟ ♟ ♟ ♟ ♟ ♟ ♟ 
6|-　-　-　-　-　-　-　-　
5|♟ -　-　-　-　-　-　-　
4|-　-　-　-　♙ -　-　-　
3|-　-　-　-　-　-　-　-　
2|♙ ♙ ♙ ♙ -　♙ ♙ ♙ 
1|♖ ♘ ♗ ♕ ♔ ♗ ♘ ♖ 
  A　B　C　D　E　F　G　H　
8|♜ ♞ ♝ ♛ ♚ ♝ ♞ ♜ 
7|-　♟ ♟ ♟ ♟ ♟ ♟ ♟ 
6|-　-　-　-　-　-　-　-　
5|♟ -　-　-　-　-　-　-　
4|-　-　-　-　♙ -　-　-　
3|-　-　-　-　-　-　-　-　
2|♙ ♙ ♙ ♙ -　♙ ♙ ♙ 
1|♖ ♘ ♗ ♕ ♔ ♗ ♘ ♖ 
  A　B　C　D　E　F　G　H　
8|♜ ♞ ♝ ♛ ♚ ♝ ♞ ♜ 
7|♟ ♟ ♟ ♟ ♕ ♟ ♟ ♟ 
6|-　-　-　-　-　-　-　-　
5|-　-　-　-　-　-　-　-　
4|-　-　-　-　-　-　-　-　
3|-　-　-　-　♖ -　-　-　
2|♙ ♙ ♙ ♙ ♙ ♙ ♙ ♙ 
1|♖ ♘ ♗ ♕ ♔ ♗ ♘ ♖ 
  A　B　C　D　E　F　G　H　
8|-　-　-　-　-　-　-　-　
7|♜ -　-　-　-　-　-　-　
6|-　-　-　-　-　-　-　-　
5|-　-　-　-　-　-　-　-　
4|-　-　-　-　-　-　-　-　
3|-　-　-　-　-　-　-　-　
2|-　-　-　-　-　-　-　-　
1|♔ -　-　-　-　-　-　-　
  A　B　C　D　E　F　G　H　
8|-　-　-　-　-　-　-　-　
7|-　-　-　-　-　-　-　-　
6|-　-　-　-　-　-　-　-　
5|♙ -　-　♗ -　-　-　-　
4|-　♝ -　-　♟ -　-　-　
3|-　-　-　-　-　-　-　-　
2|-　-　-　-　-　-　-　-　
1|-　-　-　-　-　-　-　-　
  A　B　C　D　E　F　G　H　
8|♜ ♞ ♝ ♛ -　♝ ♞ ♜ 
7|♟ ♟ ♟ ♟ ♟ -　♟ -　
6|-　-　-　-　-　-　-　-　
5|-　-　-　-　♕ ♟ -　♟ 
4|♙ ♙ -　-　-　♙ -　-　
3|-　-　♘ ♙ -　-　-　-　
2|-　-　♚ -　♙ -　♙ ♙ 
1|♖ -　♗ -　♔ ♗ ♘ ♖ 
  A　B　C　D　E　F　G　H　
8|♜ ♞ ♝ ♛ -　♝ ♞ ♜ 
7|♟ ♟ ♟ ♟ ♟ -　♟ -　
6|-　-　-　-　-　-　-　-　
5|-　-　-　-　♕ ♟ -　♟ 
4|♙ ♙ ♚ -　-　-　-　-　
3|-　-　-　♙ -　-　-　-　
2|-　-　-　-　♙ ♙ ♙ ♙ 
1|♖ ♘ ♗ -　♔ ♗ ♘ ♖ 
  A　B　C　D　E　F　G　H　
]]></system-out>
  <system-err><![CDATA[]]></system-err>
</testsuite>
